info  2018-11-28T22:51:55.790 thread-0  wallet_plugin.cpp:42          plugin_initialize    ] initializing wallet plugin
warn  2018-11-28T22:51:55.792 thread-0  se_wallet.cpp:283             check_signed         ] Application does not have a valid signature; Secure Enclave support disabled
info  2018-11-28T22:51:55.792 thread-0  http_plugin.cpp:554           add_handler          ] add api url: /v1/keosd/stop
info  2018-11-28T22:51:55.793 thread-0  wallet_api_plugin.cpp:73      plugin_startup       ] starting wallet_api_plugin
info  2018-11-28T22:51:55.793 thread-0  http_plugin.cpp:554           add_handler          ] add api url: /v1/wallet/create
info  2018-11-28T22:51:55.793 thread-0  http_plugin.cpp:554           add_handler          ] add api url: /v1/wallet/create_key
info  2018-11-28T22:51:55.793 thread-0  http_plugin.cpp:554           add_handler          ] add api url: /v1/wallet/get_public_keys
info  2018-11-28T22:51:55.793 thread-0  http_plugin.cpp:554           add_handler          ] add api url: /v1/wallet/import_key
info  2018-11-28T22:51:55.793 thread-0  http_plugin.cpp:554           add_handler          ] add api url: /v1/wallet/list_keys
info  2018-11-28T22:51:55.793 thread-0  http_plugin.cpp:554           add_handler          ] add api url: /v1/wallet/list_wallets
info  2018-11-28T22:51:55.793 thread-0  http_plugin.cpp:554           add_handler          ] add api url: /v1/wallet/lock
info  2018-11-28T22:51:55.793 thread-0  http_plugin.cpp:554           add_handler          ] add api url: /v1/wallet/lock_all
info  2018-11-28T22:51:55.793 thread-0  http_plugin.cpp:554           add_handler          ] add api url: /v1/wallet/open
info  2018-11-28T22:51:55.793 thread-0  http_plugin.cpp:554           add_handler          ] add api url: /v1/wallet/remove_key
info  2018-11-28T22:51:55.793 thread-0  http_plugin.cpp:554           add_handler          ] add api url: /v1/wallet/set_timeout
info  2018-11-28T22:51:55.793 thread-0  http_plugin.cpp:554           add_handler          ] add api url: /v1/wallet/sign_digest
info  2018-11-28T22:51:55.793 thread-0  http_plugin.cpp:554           add_handler          ] add api url: /v1/wallet/sign_transaction
info  2018-11-28T22:51:55.793 thread-0  http_plugin.cpp:554           add_handler          ] add api url: /v1/wallet/unlock
warn  2018-11-28T22:54:09.149 thread-0  wallet.cpp:223                save_wallet_file     ] saving wallet to file /Users/dbendt/eosio-wallet/./default.wallet
warn  2018-11-28T22:55:04.866 thread-0  wallet.cpp:223                save_wallet_file     ] saving wallet to file /Users/dbendt/eosio-wallet/./default.wallet
error 2018-11-28T22:55:49.444 thread-0  http_plugin.cpp:580           handle_exception     ] FC Exception encountered while processing wallet.list_keys
debug 2018-11-28T22:55:49.444 thread-0  http_plugin.cpp:581           handle_exception     ] Exception Details: 3120005 wallet_invalid_password_exception: Invalid wallet password
Invalid password for wallet: "/Users/dbendt/eosio-wallet/./default.wallet"
    {"wallet_name":"/Users/dbendt/eosio-wallet/./default.wallet"}
    thread-0  wallet.cpp:376 check_password
error during aes 256 cbc decrypt final
    {"s":"error:06065064:digital envelope routines:EVP_DecryptFinal_ex:bad decrypt"}
    thread-0  aes.cpp:268 aes_decrypt
warn  2018-11-28T22:56:29.324 thread-0  wallet.cpp:223                save_wallet_file     ] saving wallet to file /Users/dbendt/eosio-wallet/./default.wallet
error 2018-11-28T23:47:03.310 thread-0  http_plugin.cpp:580           handle_exception     ] FC Exception encountered while processing wallet.get_public_keys
debug 2018-11-28T23:47:03.310 thread-0  http_plugin.cpp:581           handle_exception     ] Exception Details: 3120003 wallet_locked_exception: Locked wallet
You don't have any unlocked wallet!
    {}
    thread-0  wallet_manager.cpp:152 get_public_keys
error 2018-11-29T00:50:54.043 thread-0  http_plugin.cpp:580           handle_exception     ] FC Exception encountered while processing wallet.list_keys
debug 2018-11-29T00:50:54.043 thread-0  http_plugin.cpp:581           handle_exception     ] Exception Details: 3120003 wallet_locked_exception: Locked wallet
Wallet is locked: default
    {"w":"default"}
    thread-0  wallet_manager.cpp:136 list_keys
error 2018-11-29T03:02:56.301 thread-0  http_plugin.cpp:580           handle_exception     ] FC Exception encountered while processing wallet.get_public_keys
debug 2018-11-29T03:02:56.301 thread-0  http_plugin.cpp:581           handle_exception     ] Exception Details: 3120003 wallet_locked_exception: Locked wallet
You don't have any unlocked wallet!
    {}
    thread-0  wallet_manager.cpp:152 get_public_keys
